{"/Users/umurey/Downloads/Schlüsseldienst Webseite/components/ui/SkipNav.tsx": {"path":"/Users/umurey/Downloads/Schlüsseldienst Webseite/components/ui/SkipNav.tsx","statementMap":{"0":{"start":{"line":1,"column":0},"end":{"line":1,"column":null}},"1":{"start":{"line":6,"column":18},"end":{"line":6,"column":47}},"2":{"start":{"line":12,"column":2},"end":{"line":18,"column":null}}},"fnMap":{"0":{"name":"SkipNav","decl":{"start":{"line":5,"column":16},"end":{"line":5,"column":26}},"loc":{"start":{"line":5,"column":26},"end":{"line":18,"column":null}},"line":5}},"branchMap":{},"s":{"0":1,"1":2,"2":2},"f":{"0":2},"b":{},"meta":{"lastBranch":0,"lastFunction":1,"lastStatement":3,"seen":{"s:1:0:1:Infinity":0,"f:5:16:5:26":0,"s:6:18:6:47":1,"s:12:2:18:Infinity":2}}}
,"/Users/umurey/Downloads/Schlüsseldienst Webseite/hooks/useConsent.ts": {"path":"/Users/umurey/Downloads/Schlüsseldienst Webseite/hooks/useConsent.ts","statementMap":{"0":{"start":{"line":1,"column":0},"end":{"line":1,"column":null}},"1":{"start":{"line":22,"column":38},"end":{"line":28,"column":null}},"2":{"start":{"line":33,"column":2},"end":{"line":33,"column":null}},"3":{"start":{"line":33,"column":39},"end":{"line":33,"column":null}},"4":{"start":{"line":34,"column":2},"end":{"line":45,"column":null}},"5":{"start":{"line":35,"column":18},"end":{"line":37,"column":59}},"6":{"start":{"line":37,"column":19},"end":{"line":37,"column":58}},"7":{"start":{"line":38,"column":4},"end":{"line":38,"column":null}},"8":{"start":{"line":38,"column":16},"end":{"line":38,"column":null}},"9":{"start":{"line":39,"column":17},"end":{"line":39,"column":72}},"10":{"start":{"line":40,"column":19},"end":{"line":40,"column":35}},"11":{"start":{"line":42,"column":4},"end":{"line":42,"column":null}},"12":{"start":{"line":43,"column":4},"end":{"line":43,"column":null}},"13":{"start":{"line":45,"column":4},"end":{"line":45,"column":null}},"14":{"start":{"line":50,"column":2},"end":{"line":50,"column":null}},"15":{"start":{"line":50,"column":39},"end":{"line":50,"column":null}},"16":{"start":{"line":51,"column":17},"end":{"line":51,"column":null}},"17":{"start":{"line":52,"column":16},"end":{"line":52,"column":57}},"18":{"start":{"line":53,"column":2},"end":{"line":53,"column":null}},"19":{"start":{"line":57,"column":2},"end":{"line":57,"column":null}},"20":{"start":{"line":57,"column":39},"end":{"line":57,"column":null}},"21":{"start":{"line":58,"column":2},"end":{"line":58,"column":null}},"22":{"start":{"line":63,"column":2},"end":{"line":63,"column":null}},"23":{"start":{"line":63,"column":39},"end":{"line":63,"column":null}},"24":{"start":{"line":64,"column":18},"end":{"line":64,"column":45}},"25":{"start":{"line":65,"column":2},"end":{"line":70,"column":null}},"26":{"start":{"line":66,"column":17},"end":{"line":66,"column":null}},"27":{"start":{"line":68,"column":4},"end":{"line":70,"column":null}},"28":{"start":{"line":69,"column":6},"end":{"line":69,"column":null}},"29":{"start":{"line":70,"column":6},"end":{"line":70,"column":null}},"30":{"start":{"line":78,"column":18},"end":{"line":78,"column":67}},"31":{"start":{"line":79,"column":21},"end":{"line":79,"column":53}},"32":{"start":{"line":82,"column":2},"end":{"line":94,"column":null}},"33":{"start":{"line":83,"column":19},"end":{"line":83,"column":38}},"34":{"start":{"line":84,"column":4},"end":{"line":92,"column":null}},"35":{"start":{"line":86,"column":6},"end":{"line":86,"column":null}},"36":{"start":{"line":87,"column":6},"end":{"line":87,"column":null}},"37":{"start":{"line":90,"column":6},"end":{"line":90,"column":null}},"38":{"start":{"line":90,"column":18},"end":{"line":90,"column":null}},"39":{"start":{"line":91,"column":6},"end":{"line":91,"column":null}},"40":{"start":{"line":92,"column":6},"end":{"line":92,"column":null}},"41":{"start":{"line":96,"column":8},"end":{"line":118,"column":null}},"42":{"start":{"line":98,"column":37},"end":{"line":104,"column":null}},"43":{"start":{"line":107,"column":6},"end":{"line":108,"column":null}},"44":{"start":{"line":108,"column":8},"end":{"line":108,"column":null}},"45":{"start":{"line":110,"column":6},"end":{"line":111,"column":null}},"46":{"start":{"line":111,"column":8},"end":{"line":111,"column":null}},"47":{"start":{"line":114,"column":6},"end":{"line":114,"column":null}},"48":{"start":{"line":115,"column":6},"end":{"line":115,"column":null}},"49":{"start":{"line":116,"column":6},"end":{"line":116,"column":null}},"50":{"start":{"line":121,"column":8},"end":{"line":123,"column":21}},"51":{"start":{"line":122,"column":4},"end":{"line":122,"column":null}},"52":{"start":{"line":125,"column":8},"end":{"line":127,"column":21}},"53":{"start":{"line":126,"column":4},"end":{"line":126,"column":null}},"54":{"start":{"line":129,"column":8},"end":{"line":131,"column":8}},"55":{"start":{"line":130,"column":4},"end":{"line":130,"column":null}},"56":{"start":{"line":133,"column":2},"end":{"line":141,"column":null}},"57":{"start":{"line":151,"column":2},"end":{"line":151,"column":null}},"58":{"start":{"line":151,"column":32},"end":{"line":151,"column":null}},"59":{"start":{"line":152,"column":17},"end":{"line":152,"column":36}},"60":{"start":{"line":153,"column":2},"end":{"line":153,"column":null}},"61":{"start":{"line":153,"column":15},"end":{"line":153,"column":null}},"62":{"start":{"line":154,"column":2},"end":{"line":154,"column":null}},"63":{"start":{"line":154,"column":42},"end":{"line":154,"column":null}},"64":{"start":{"line":155,"column":2},"end":{"line":155,"column":null}}},"fnMap":{"0":{"name":"readConsentCookie","decl":{"start":{"line":32,"column":9},"end":{"line":32,"column":50}},"loc":{"start":{"line":32,"column":50},"end":{"line":45,"column":null}},"line":32},"1":{"name":"(anonymous_1)","decl":{"start":{"line":37,"column":7},"end":{"line":37,"column":13}},"loc":{"start":{"line":37,"column":19},"end":{"line":37,"column":58}},"line":37},"2":{"name":"writeConsentCookie","decl":{"start":{"line":49,"column":9},"end":{"line":49,"column":28}},"loc":{"start":{"line":49,"column":55},"end":{"line":53,"column":null}},"line":49},"3":{"name":"deleteConsentCookie","decl":{"start":{"line":56,"column":9},"end":{"line":56,"column":37}},"loc":{"start":{"line":56,"column":37},"end":{"line":58,"column":null}},"line":56},"4":{"name":"deleteCookiesByCategory","decl":{"start":{"line":62,"column":9},"end":{"line":62,"column":33}},"loc":{"start":{"line":62,"column":66},"end":{"line":70,"column":null}},"line":62},"5":{"name":"useConsent","decl":{"start":{"line":77,"column":16},"end":{"line":77,"column":29}},"loc":{"start":{"line":77,"column":29},"end":{"line":141,"column":null}},"line":77},"6":{"name":"(anonymous_6)","decl":{"start":{"line":82,"column":2},"end":{"line":82,"column":18}},"loc":{"start":{"line":82,"column":18},"end":{"line":94,"column":7}},"line":82},"7":{"name":"(anonymous_7)","decl":{"start":{"line":96,"column":24},"end":{"line":96,"column":null}},"loc":{"start":{"line":97,"column":73},"end":{"line":118,"column":5}},"line":97},"8":{"name":"(anonymous_8)","decl":{"start":{"line":121,"column":20},"end":{"line":121,"column":38}},"loc":{"start":{"line":121,"column":38},"end":{"line":123,"column":6}},"line":121},"9":{"name":"(anonymous_9)","decl":{"start":{"line":125,"column":30},"end":{"line":125,"column":48}},"loc":{"start":{"line":125,"column":48},"end":{"line":127,"column":6}},"line":125},"10":{"name":"(anonymous_10)","decl":{"start":{"line":129,"column":23},"end":{"line":129,"column":41}},"loc":{"start":{"line":129,"column":41},"end":{"line":131,"column":7}},"line":129},"11":{"name":"hasConsent","decl":{"start":{"line":150,"column":16},"end":{"line":150,"column":27}},"loc":{"start":{"line":150,"column":63},"end":{"line":155,"column":null}},"line":150}},"branchMap":{"0":{"loc":{"start":{"line":33,"column":2},"end":{"line":33,"column":null}},"type":"if","locations":[{"start":{"line":33,"column":2},"end":{"line":33,"column":null}},{"start":{},"end":{}}],"line":33},"1":{"loc":{"start":{"line":38,"column":4},"end":{"line":38,"column":null}},"type":"if","locations":[{"start":{"line":38,"column":4},"end":{"line":38,"column":null}},{"start":{},"end":{}}],"line":38},"2":{"loc":{"start":{"line":50,"column":2},"end":{"line":50,"column":null}},"type":"if","locations":[{"start":{"line":50,"column":2},"end":{"line":50,"column":null}},{"start":{},"end":{}}],"line":50},"3":{"loc":{"start":{"line":57,"column":2},"end":{"line":57,"column":null}},"type":"if","locations":[{"start":{"line":57,"column":2},"end":{"line":57,"column":null}},{"start":{},"end":{}}],"line":57},"4":{"loc":{"start":{"line":63,"column":2},"end":{"line":63,"column":null}},"type":"if","locations":[{"start":{"line":63,"column":2},"end":{"line":63,"column":null}},{"start":{},"end":{}}],"line":63},"5":{"loc":{"start":{"line":66,"column":17},"end":{"line":66,"column":null}},"type":"binary-expr","locations":[{"start":{"line":66,"column":17},"end":{"line":66,"column":41}},{"start":{"line":66,"column":41},"end":{"line":66,"column":null}}],"line":66},"6":{"loc":{"start":{"line":68,"column":4},"end":{"line":70,"column":null}},"type":"if","locations":[{"start":{"line":68,"column":4},"end":{"line":70,"column":null}},{"start":{},"end":{}}],"line":68},"7":{"loc":{"start":{"line":68,"column":8},"end":{"line":68,"column":81}},"type":"binary-expr","locations":[{"start":{"line":68,"column":8},"end":{"line":68,"column":37}},{"start":{"line":68,"column":37},"end":{"line":68,"column":55}},{"start":{"line":68,"column":55},"end":{"line":68,"column":78}}],"line":68},"8":{"loc":{"start":{"line":84,"column":4},"end":{"line":92,"column":null}},"type":"if","locations":[{"start":{"line":84,"column":4},"end":{"line":92,"column":null}},{"start":{"line":88,"column":11},"end":{"line":92,"column":null}}],"line":84},"9":{"loc":{"start":{"line":84,"column":8},"end":{"line":84,"column":54}},"type":"binary-expr","locations":[{"start":{"line":84,"column":8},"end":{"line":84,"column":18}},{"start":{"line":84,"column":18},"end":{"line":84,"column":54}}],"line":84},"10":{"loc":{"start":{"line":90,"column":6},"end":{"line":90,"column":null}},"type":"if","locations":[{"start":{"line":90,"column":6},"end":{"line":90,"column":null}},{"start":{},"end":{}}],"line":90},"11":{"loc":{"start":{"line":100,"column":19},"end":{"line":100,"column":null}},"type":"binary-expr","locations":[{"start":{"line":100,"column":19},"end":{"line":100,"column":40}},{"start":{"line":100,"column":40},"end":{"line":100,"column":62}},{"start":{"line":100,"column":62},"end":{"line":100,"column":null}}],"line":100},"12":{"loc":{"start":{"line":101,"column":19},"end":{"line":101,"column":null}},"type":"binary-expr","locations":[{"start":{"line":101,"column":19},"end":{"line":101,"column":40}},{"start":{"line":101,"column":40},"end":{"line":101,"column":62}},{"start":{"line":101,"column":62},"end":{"line":101,"column":null}}],"line":101},"13":{"loc":{"start":{"line":107,"column":6},"end":{"line":108,"column":null}},"type":"if","locations":[{"start":{"line":107,"column":6},"end":{"line":108,"column":null}},{"start":{},"end":{}}],"line":107},"14":{"loc":{"start":{"line":107,"column":10},"end":{"line":107,"column":53}},"type":"binary-expr","locations":[{"start":{"line":107,"column":10},"end":{"line":107,"column":32}},{"start":{"line":107,"column":32},"end":{"line":107,"column":53}}],"line":107},"15":{"loc":{"start":{"line":110,"column":6},"end":{"line":111,"column":null}},"type":"if","locations":[{"start":{"line":110,"column":6},"end":{"line":111,"column":null}},{"start":{},"end":{}}],"line":110},"16":{"loc":{"start":{"line":110,"column":10},"end":{"line":110,"column":53}},"type":"binary-expr","locations":[{"start":{"line":110,"column":10},"end":{"line":110,"column":32}},{"start":{"line":110,"column":32},"end":{"line":110,"column":53}}],"line":110},"17":{"loc":{"start":{"line":151,"column":2},"end":{"line":151,"column":null}},"type":"if","locations":[{"start":{"line":151,"column":2},"end":{"line":151,"column":null}},{"start":{},"end":{}}],"line":151},"18":{"loc":{"start":{"line":153,"column":2},"end":{"line":153,"column":null}},"type":"if","locations":[{"start":{"line":153,"column":2},"end":{"line":153,"column":null}},{"start":{},"end":{}}],"line":153},"19":{"loc":{"start":{"line":154,"column":2},"end":{"line":154,"column":null}},"type":"if","locations":[{"start":{"line":154,"column":2},"end":{"line":154,"column":null}},{"start":{},"end":{}}],"line":154}},"s":{"0":1,"1":1,"2":7,"3":0,"4":7,"5":7,"6":7,"7":7,"8":4,"9":3,"10":3,"11":3,"12":3,"13":0,"14":1,"15":0,"16":1,"17":1,"18":1,"19":0,"20":0,"21":0,"22":0,"23":0,"24":0,"25":0,"26":0,"27":0,"28":0,"29":0,"30":7,"31":7,"32":7,"33":3,"34":3,"35":1,"36":1,"37":2,"38":0,"39":2,"40":2,"41":7,"42":1,"43":1,"44":0,"45":1,"46":0,"47":1,"48":1,"49":1,"50":7,"51":0,"52":7,"53":0,"54":7,"55":0,"56":7,"57":5,"58":1,"59":4,"60":4,"61":4,"62":2,"63":0,"64":2},"f":{"0":7,"1":7,"2":1,"3":0,"4":0,"5":7,"6":3,"7":1,"8":0,"9":0,"10":0,"11":5},"b":{"0":[0,7],"1":[4,3],"2":[0,1],"3":[0,0],"4":[0,0],"5":[0,0],"6":[0,0],"7":[0,0,0],"8":[1,2],"9":[3,1],"10":[0,2],"11":[1,0,0],"12":[1,0,0],"13":[0,1],"14":[1,0],"15":[0,1],"16":[1,0],"17":[1,4],"18":[2,2],"19":[0,2]},"meta":{"lastBranch":20,"lastFunction":12,"lastStatement":65,"seen":{"s:1:0:1:Infinity":0,"s:22:38:28:Infinity":1,"f:32:9:32:50":0,"b:33:2:33:Infinity:undefined:undefined:undefined:undefined":0,"s:33:2:33:Infinity":2,"s:33:39:33:Infinity":3,"s:34:2:45:Infinity":4,"s:35:18:37:59":5,"f:37:7:37:13":1,"s:37:19:37:58":6,"b:38:4:38:Infinity:undefined:undefined:undefined:undefined":1,"s:38:4:38:Infinity":7,"s:38:16:38:Infinity":8,"s:39:17:39:72":9,"s:40:19:40:35":10,"s:42:4:42:Infinity":11,"s:43:4:43:Infinity":12,"s:45:4:45:Infinity":13,"f:49:9:49:28":2,"b:50:2:50:Infinity:undefined:undefined:undefined:undefined":2,"s:50:2:50:Infinity":14,"s:50:39:50:Infinity":15,"s:51:17:51:Infinity":16,"s:52:16:52:57":17,"s:53:2:53:Infinity":18,"f:56:9:56:37":3,"b:57:2:57:Infinity:undefined:undefined:undefined:undefined":3,"s:57:2:57:Infinity":19,"s:57:39:57:Infinity":20,"s:58:2:58:Infinity":21,"f:62:9:62:33":4,"b:63:2:63:Infinity:undefined:undefined:undefined:undefined":4,"s:63:2:63:Infinity":22,"s:63:39:63:Infinity":23,"s:64:18:64:45":24,"s:65:2:70:Infinity":25,"s:66:17:66:Infinity":26,"b:66:17:66:41:66:41:66:Infinity":5,"b:68:4:70:Infinity:undefined:undefined:undefined:undefined":6,"s:68:4:70:Infinity":27,"b:68:8:68:37:68:37:68:55:68:55:68:78":7,"s:69:6:69:Infinity":28,"s:70:6:70:Infinity":29,"f:77:16:77:29":5,"s:78:18:78:67":30,"s:79:21:79:53":31,"s:82:2:94:Infinity":32,"f:82:2:82:18":6,"s:83:19:83:38":33,"b:84:4:92:Infinity:88:11:92:Infinity":8,"s:84:4:92:Infinity":34,"b:84:8:84:18:84:18:84:54":9,"s:86:6:86:Infinity":35,"s:87:6:87:Infinity":36,"b:90:6:90:Infinity:undefined:undefined:undefined:undefined":10,"s:90:6:90:Infinity":37,"s:90:18:90:Infinity":38,"s:91:6:91:Infinity":39,"s:92:6:92:Infinity":40,"s:96:8:118:Infinity":41,"f:96:24:96:Infinity":7,"s:98:37:104:Infinity":42,"b:100:19:100:40:100:40:100:62:100:62:100:Infinity":11,"b:101:19:101:40:101:40:101:62:101:62:101:Infinity":12,"b:107:6:108:Infinity:undefined:undefined:undefined:undefined":13,"s:107:6:108:Infinity":43,"b:107:10:107:32:107:32:107:53":14,"s:108:8:108:Infinity":44,"b:110:6:111:Infinity:undefined:undefined:undefined:undefined":15,"s:110:6:111:Infinity":45,"b:110:10:110:32:110:32:110:53":16,"s:111:8:111:Infinity":46,"s:114:6:114:Infinity":47,"s:115:6:115:Infinity":48,"s:116:6:116:Infinity":49,"s:121:8:123:21":50,"f:121:20:121:38":8,"s:122:4:122:Infinity":51,"s:125:8:127:21":52,"f:125:30:125:48":9,"s:126:4:126:Infinity":53,"s:129:8:131:8":54,"f:129:23:129:41":10,"s:130:4:130:Infinity":55,"s:133:2:141:Infinity":56,"f:150:16:150:27":11,"b:151:2:151:Infinity:undefined:undefined:undefined:undefined":17,"s:151:2:151:Infinity":57,"s:151:32:151:Infinity":58,"s:152:17:152:36":59,"b:153:2:153:Infinity:undefined:undefined:undefined:undefined":18,"s:153:2:153:Infinity":60,"s:153:15:153:Infinity":61,"b:154:2:154:Infinity:undefined:undefined:undefined:undefined":19,"s:154:2:154:Infinity":62,"s:154:42:154:Infinity":63,"s:155:2:155:Infinity":64}}}
,"/Users/umurey/Downloads/Schlüsseldienst Webseite/lib/cookie-inventory.ts": {"path":"/Users/umurey/Downloads/Schlüsseldienst Webseite/lib/cookie-inventory.ts","statementMap":{"0":{"start":{"line":59,"column":31},"end":{"line":59,"column":null}},"1":{"start":{"line":62,"column":35},"end":{"line":62,"column":null}},"2":{"start":{"line":63,"column":43},"end":{"line":63,"column":null}},"3":{"start":{"line":67,"column":56},"end":{"line":103,"column":null}},"4":{"start":{"line":107,"column":73},"end":{"line":162,"column":null}},"5":{"start":{"line":166,"column":121},"end":{"line":182,"column":null}}},"fnMap":{},"branchMap":{},"s":{"0":1,"1":1,"2":1,"3":1,"4":1,"5":1},"f":{},"b":{},"meta":{"lastBranch":0,"lastFunction":0,"lastStatement":6,"seen":{"s:59:31:59:Infinity":0,"s:62:35:62:Infinity":1,"s:63:43:63:Infinity":2,"s:67:56:103:Infinity":3,"s:107:73:162:Infinity":4,"s:166:121:182:Infinity":5}}}
,"/Users/umurey/Downloads/Schlüsseldienst Webseite/lib/formatters.ts": {"path":"/Users/umurey/Downloads/Schlüsseldienst Webseite/lib/formatters.ts","statementMap":{"0":{"start":{"line":7,"column":22},"end":{"line":11,"column":2}},"1":{"start":{"line":13,"column":26},"end":{"line":19,"column":2}},"2":{"start":{"line":22,"column":2},"end":{"line":22,"column":null}},"3":{"start":{"line":26,"column":2},"end":{"line":26,"column":null}},"4":{"start":{"line":30,"column":24},"end":{"line":30,"column":54}},"5":{"start":{"line":32,"column":26},"end":{"line":37,"column":2}},"6":{"start":{"line":40,"column":2},"end":{"line":40,"column":null}},"7":{"start":{"line":44,"column":2},"end":{"line":44,"column":null}},"8":{"start":{"line":55,"column":17},"end":{"line":55,"column":45}},"9":{"start":{"line":58,"column":2},"end":{"line":63,"column":null}},"10":{"start":{"line":59,"column":18},"end":{"line":59,"column":33}},"11":{"start":{"line":60,"column":4},"end":{"line":61,"column":null}},"12":{"start":{"line":61,"column":6},"end":{"line":61,"column":null}},"13":{"start":{"line":63,"column":4},"end":{"line":63,"column":null}},"14":{"start":{"line":67,"column":2},"end":{"line":70,"column":null}},"15":{"start":{"line":68,"column":17},"end":{"line":68,"column":35}},"16":{"start":{"line":69,"column":19},"end":{"line":69,"column":34}},"17":{"start":{"line":70,"column":4},"end":{"line":70,"column":null}},"18":{"start":{"line":73,"column":2},"end":{"line":73,"column":null}},"19":{"start":{"line":80,"column":17},"end":{"line":80,"column":45}},"20":{"start":{"line":81,"column":2},"end":{"line":82,"column":null}},"21":{"start":{"line":82,"column":4},"end":{"line":82,"column":null}},"22":{"start":{"line":84,"column":2},"end":{"line":85,"column":null}},"23":{"start":{"line":85,"column":4},"end":{"line":85,"column":null}},"24":{"start":{"line":87,"column":2},"end":{"line":87,"column":null}},"25":{"start":{"line":98,"column":15},"end":{"line":98,"column":59}},"26":{"start":{"line":100,"column":2},"end":{"line":100,"column":null}},"27":{"start":{"line":101,"column":2},"end":{"line":101,"column":null}}},"fnMap":{"0":{"name":"formatDate","decl":{"start":{"line":21,"column":16},"end":{"line":21,"column":27}},"loc":{"start":{"line":21,"column":65},"end":{"line":22,"column":null}},"line":21},"1":{"name":"formatDateTime","decl":{"start":{"line":25,"column":16},"end":{"line":25,"column":31}},"loc":{"start":{"line":25,"column":69},"end":{"line":26,"column":null}},"line":25},"2":{"name":"formatNumber","decl":{"start":{"line":39,"column":16},"end":{"line":39,"column":29}},"loc":{"start":{"line":39,"column":52},"end":{"line":40,"column":null}},"line":39},"3":{"name":"formatCurrency","decl":{"start":{"line":43,"column":16},"end":{"line":43,"column":31}},"loc":{"start":{"line":43,"column":54},"end":{"line":44,"column":null}},"line":43},"4":{"name":"formatPhone","decl":{"start":{"line":53,"column":16},"end":{"line":53,"column":28}},"loc":{"start":{"line":53,"column":51},"end":{"line":73,"column":null}},"line":53},"5":{"name":"formatPhoneHref","decl":{"start":{"line":79,"column":16},"end":{"line":79,"column":32}},"loc":{"start":{"line":79,"column":55},"end":{"line":87,"column":null}},"line":79},"6":{"name":"germanQuotes","decl":{"start":{"line":96,"column":16},"end":{"line":96,"column":29}},"loc":{"start":{"line":96,"column":51},"end":{"line":101,"column":null}},"line":96}},"branchMap":{"0":{"loc":{"start":{"line":58,"column":2},"end":{"line":63,"column":null}},"type":"if","locations":[{"start":{"line":58,"column":2},"end":{"line":63,"column":null}},{"start":{},"end":{}}],"line":58},"1":{"loc":{"start":{"line":60,"column":4},"end":{"line":61,"column":null}},"type":"if","locations":[{"start":{"line":60,"column":4},"end":{"line":61,"column":null}},{"start":{},"end":{}}],"line":60},"2":{"loc":{"start":{"line":67,"column":2},"end":{"line":70,"column":null}},"type":"if","locations":[{"start":{"line":67,"column":2},"end":{"line":70,"column":null}},{"start":{},"end":{}}],"line":67},"3":{"loc":{"start":{"line":81,"column":2},"end":{"line":82,"column":null}},"type":"if","locations":[{"start":{"line":81,"column":2},"end":{"line":82,"column":null}},{"start":{},"end":{}}],"line":81},"4":{"loc":{"start":{"line":84,"column":2},"end":{"line":85,"column":null}},"type":"if","locations":[{"start":{"line":84,"column":2},"end":{"line":85,"column":null}},{"start":{},"end":{}}],"line":84}},"s":{"0":1,"1":1,"2":2,"3":1,"4":1,"5":1,"6":2,"7":2,"8":3,"9":3,"10":1,"11":1,"12":1,"13":0,"14":2,"15":1,"16":1,"17":1,"18":1,"19":2,"20":2,"21":1,"22":1,"23":1,"24":0,"25":2,"26":2,"27":2},"f":{"0":2,"1":1,"2":2,"3":2,"4":3,"5":2,"6":2},"b":{"0":[1,2],"1":[1,0],"2":[1,1],"3":[1,1],"4":[1,0]},"meta":{"lastBranch":5,"lastFunction":7,"lastStatement":28,"seen":{"s:7:22:11:2":0,"s:13:26:19:2":1,"f:21:16:21:27":0,"s:22:2:22:Infinity":2,"f:25:16:25:31":1,"s:26:2:26:Infinity":3,"s:30:24:30:54":4,"s:32:26:37:2":5,"f:39:16:39:29":2,"s:40:2:40:Infinity":6,"f:43:16:43:31":3,"s:44:2:44:Infinity":7,"f:53:16:53:28":4,"s:55:17:55:45":8,"b:58:2:63:Infinity:undefined:undefined:undefined:undefined":0,"s:58:2:63:Infinity":9,"s:59:18:59:33":10,"b:60:4:61:Infinity:undefined:undefined:undefined:undefined":1,"s:60:4:61:Infinity":11,"s:61:6:61:Infinity":12,"s:63:4:63:Infinity":13,"b:67:2:70:Infinity:undefined:undefined:undefined:undefined":2,"s:67:2:70:Infinity":14,"s:68:17:68:35":15,"s:69:19:69:34":16,"s:70:4:70:Infinity":17,"s:73:2:73:Infinity":18,"f:79:16:79:32":5,"s:80:17:80:45":19,"b:81:2:82:Infinity:undefined:undefined:undefined:undefined":3,"s:81:2:82:Infinity":20,"s:82:4:82:Infinity":21,"b:84:2:85:Infinity:undefined:undefined:undefined:undefined":4,"s:84:2:85:Infinity":22,"s:85:4:85:Infinity":23,"s:87:2:87:Infinity":24,"f:96:16:96:29":6,"s:98:15:98:59":25,"s:100:2:100:Infinity":26,"s:101:2:101:Infinity":27}}}
,"/Users/umurey/Downloads/Schlüsseldienst Webseite/lib/sanitize.ts": {"path":"/Users/umurey/Downloads/Schlüsseldienst Webseite/lib/sanitize.ts","statementMap":{"0":{"start":{"line":16,"column":38},"end":{"line":23,"column":null}},"1":{"start":{"line":24,"column":2},"end":{"line":24,"column":null}},"2":{"start":{"line":24,"column":46},"end":{"line":24,"column":64}},"3":{"start":{"line":32,"column":2},"end":{"line":32,"column":null}},"4":{"start":{"line":32,"column":33},"end":{"line":32,"column":null}},"5":{"start":{"line":33,"column":2},"end":{"line":33,"column":null}},"6":{"start":{"line":40,"column":2},"end":{"line":40,"column":null}},"7":{"start":{"line":51,"column":2},"end":{"line":51,"column":null}},"8":{"start":{"line":51,"column":14},"end":{"line":51,"column":null}},"9":{"start":{"line":52,"column":2},"end":{"line":52,"column":null}},"10":{"start":{"line":60,"column":18},"end":{"line":60,"column":58}},"11":{"start":{"line":61,"column":21},"end":{"line":61,"column":null}},"12":{"start":{"line":62,"column":2},"end":{"line":62,"column":null}},"13":{"start":{"line":72,"column":2},"end":{"line":72,"column":null}},"14":{"start":{"line":72,"column":33},"end":{"line":72,"column":null}},"15":{"start":{"line":74,"column":14},"end":{"line":80,"column":68}},"16":{"start":{"line":82,"column":2},"end":{"line":82,"column":null}},"17":{"start":{"line":84,"column":2},"end":{"line":84,"column":null}},"18":{"start":{"line":85,"column":2},"end":{"line":85,"column":null}}},"fnMap":{"0":{"name":"escapeHTML","decl":{"start":{"line":15,"column":16},"end":{"line":15,"column":27}},"loc":{"start":{"line":15,"column":50},"end":{"line":24,"column":null}},"line":15},"1":{"name":"(anonymous_1)","decl":{"start":{"line":24,"column":23},"end":{"line":24,"column":37}},"loc":{"start":{"line":24,"column":46},"end":{"line":24,"column":64}},"line":24},"2":{"name":"sanitizeInput","decl":{"start":{"line":31,"column":16},"end":{"line":31,"column":30}},"loc":{"start":{"line":31,"column":80},"end":{"line":33,"column":null}},"line":31},"3":{"name":"stripHTML","decl":{"start":{"line":39,"column":16},"end":{"line":39,"column":26}},"loc":{"start":{"line":39,"column":49},"end":{"line":40,"column":null}},"line":39},"4":{"name":"sanitizeSearchParam","decl":{"start":{"line":47,"column":16},"end":{"line":47,"column":null}},"loc":{"start":{"line":50,"column":10},"end":{"line":52,"column":null}},"line":50},"5":{"name":"sanitizeEmail","decl":{"start":{"line":59,"column":16},"end":{"line":59,"column":30}},"loc":{"start":{"line":59,"column":53},"end":{"line":62,"column":null}},"line":59},"6":{"name":"sanitizeHTML","decl":{"start":{"line":71,"column":16},"end":{"line":71,"column":29}},"loc":{"start":{"line":71,"column":52},"end":{"line":85,"column":null}},"line":71}},"branchMap":{"0":{"loc":{"start":{"line":24,"column":46},"end":{"line":24,"column":64}},"type":"binary-expr","locations":[{"start":{"line":24,"column":46},"end":{"line":24,"column":59}},{"start":{"line":24,"column":59},"end":{"line":24,"column":64}}],"line":24},"1":{"loc":{"start":{"line":31,"column":46},"end":{"line":31,"column":80}},"type":"default-arg","locations":[{"start":{"line":31,"column":66},"end":{"line":31,"column":80}}],"line":31},"2":{"loc":{"start":{"line":32,"column":2},"end":{"line":32,"column":null}},"type":"if","locations":[{"start":{"line":32,"column":2},"end":{"line":32,"column":null}},{"start":{},"end":{}}],"line":32},"3":{"loc":{"start":{"line":49,"column":2},"end":{"line":49,"column":null}},"type":"default-arg","locations":[{"start":{"line":49,"column":22},"end":{"line":49,"column":null}}],"line":49},"4":{"loc":{"start":{"line":51,"column":2},"end":{"line":51,"column":null}},"type":"if","locations":[{"start":{"line":51,"column":2},"end":{"line":51,"column":null}},{"start":{},"end":{}}],"line":51},"5":{"loc":{"start":{"line":62,"column":9},"end":{"line":62,"column":null}},"type":"cond-expr","locations":[{"start":{"line":62,"column":36},"end":{"line":62,"column":46}},{"start":{"line":62,"column":46},"end":{"line":62,"column":null}}],"line":62},"6":{"loc":{"start":{"line":72,"column":2},"end":{"line":72,"column":null}},"type":"if","locations":[{"start":{"line":72,"column":2},"end":{"line":72,"column":null}},{"start":{},"end":{}}],"line":72}},"s":{"0":10,"1":10,"2":16,"3":6,"4":3,"5":3,"6":3,"7":4,"8":2,"9":2,"10":5,"11":5,"12":5,"13":4,"14":1,"15":3,"16":3,"17":3,"18":3},"f":{"0":10,"1":16,"2":6,"3":3,"4":4,"5":5,"6":4},"b":{"0":[16,0],"1":[6],"2":[3,3],"3":[4],"4":[2,2],"5":[3,2],"6":[1,3]},"meta":{"lastBranch":7,"lastFunction":7,"lastStatement":19,"seen":{"f:15:16:15:27":0,"s:16:38:23:Infinity":0,"s:24:2:24:Infinity":1,"f:24:23:24:37":1,"s:24:46:24:64":2,"b:24:46:24:59:24:59:24:64":0,"f:31:16:31:30":2,"b:31:66:31:80":1,"b:32:2:32:Infinity:undefined:undefined:undefined:undefined":2,"s:32:2:32:Infinity":3,"s:32:33:32:Infinity":4,"s:33:2:33:Infinity":5,"f:39:16:39:26":3,"s:40:2:40:Infinity":6,"f:47:16:47:Infinity":4,"b:49:22:49:Infinity":3,"b:51:2:51:Infinity:undefined:undefined:undefined:undefined":4,"s:51:2:51:Infinity":7,"s:51:14:51:Infinity":8,"s:52:2:52:Infinity":9,"f:59:16:59:30":5,"s:60:18:60:58":10,"s:61:21:61:Infinity":11,"s:62:2:62:Infinity":12,"b:62:36:62:46:62:46:62:Infinity":5,"f:71:16:71:29":6,"b:72:2:72:Infinity:undefined:undefined:undefined:undefined":6,"s:72:2:72:Infinity":13,"s:72:33:72:Infinity":14,"s:74:14:80:68":15,"s:82:2:82:Infinity":16,"s:84:2:84:Infinity":17,"s:85:2:85:Infinity":18}}}
}
